capstone.lib(cs.obj) : warning LNK4075: ignoring '/EDITANDCONTINUE' due to '/OPT:ICF' specification
LINK : warning LNK4098: defaultlib 'LIBCMTD' conflicts with use of other libs; use /NODEFAULTLIB:library
  Generating code
  1 of 453 functions ( 0.2%) were compiled, the rest were copied from previous compilation.
    0 functions were new in current compilation
    1 functions had inline decision re-evaluated but remain unchanged
  Finished generating code
capstone.lib(AArch64BaseInfo.obj) : warning LNK4099: PDB 'capstone_static.pdb' was not found with 'capstone.lib(AArch64BaseInfo.obj)' or at 'D:\Projects\VisualStudioProject\D3DHook\x64\Release\capstone_static.pdb'; linking object as if no debug info
capstone.lib(AArch64Disassembler.obj) : warning LNK4099: PDB 'capstone_static.pdb' was not found with 'capstone.lib(AArch64Disassembler.obj)' or at 'D:\Projects\VisualStudioProject\D3DHook\x64\Release\capstone_static.pdb'; linking object as if no debug info
capstone.lib(AArch64InstPrinter.obj) : warning LNK4099: PDB 'capstone_static.pdb' was not found with 'capstone.lib(AArch64InstPrinter.obj)' or at 'D:\Projects\VisualStudioProject\D3DHook\x64\Release\capstone_static.pdb'; linking object as if no debug info
capstone.lib(AArch64Mapping.obj) : warning LNK4099: PDB 'capstone_static.pdb' was not found with 'capstone.lib(AArch64Mapping.obj)' or at 'D:\Projects\VisualStudioProject\D3DHook\x64\Release\capstone_static.pdb'; linking object as if no debug info
capstone.lib(AArch64Module.obj) : warning LNK4099: PDB 'capstone_static.pdb' was not found with 'capstone.lib(AArch64Module.obj)' or at 'D:\Projects\VisualStudioProject\D3DHook\x64\Release\capstone_static.pdb'; linking object as if no debug info
capstone.lib(ARMDisassembler.obj) : warning LNK4099: PDB 'capstone_static.pdb' was not found with 'capstone.lib(ARMDisassembler.obj)' or at 'D:\Projects\VisualStudioProject\D3DHook\x64\Release\capstone_static.pdb'; linking object as if no debug info
capstone.lib(ARMInstPrinter.obj) : warning LNK4099: PDB 'capstone_static.pdb' was not found with 'capstone.lib(ARMInstPrinter.obj)' or at 'D:\Projects\VisualStudioProject\D3DHook\x64\Release\capstone_static.pdb'; linking object as if no debug info
capstone.lib(ARMMapping.obj) : warning LNK4099: PDB 'capstone_static.pdb' was not found with 'capstone.lib(ARMMapping.obj)' or at 'D:\Projects\VisualStudioProject\D3DHook\x64\Release\capstone_static.pdb'; linking object as if no debug info
capstone.lib(ARMModule.obj) : warning LNK4099: PDB 'capstone_static.pdb' was not found with 'capstone.lib(ARMModule.obj)' or at 'D:\Projects\VisualStudioProject\D3DHook\x64\Release\capstone_static.pdb'; linking object as if no debug info
capstone.lib(MipsDisassembler.obj) : warning LNK4099: PDB 'capstone_static.pdb' was not found with 'capstone.lib(MipsDisassembler.obj)' or at 'D:\Projects\VisualStudioProject\D3DHook\x64\Release\capstone_static.pdb'; linking object as if no debug info
capstone.lib(MipsInstPrinter.obj) : warning LNK4099: PDB 'capstone_static.pdb' was not found with 'capstone.lib(MipsInstPrinter.obj)' or at 'D:\Projects\VisualStudioProject\D3DHook\x64\Release\capstone_static.pdb'; linking object as if no debug info
capstone.lib(MipsMapping.obj) : warning LNK4099: PDB 'capstone_static.pdb' was not found with 'capstone.lib(MipsMapping.obj)' or at 'D:\Projects\VisualStudioProject\D3DHook\x64\Release\capstone_static.pdb'; linking object as if no debug info
capstone.lib(MipsModule.obj) : warning LNK4099: PDB 'capstone_static.pdb' was not found with 'capstone.lib(MipsModule.obj)' or at 'D:\Projects\VisualStudioProject\D3DHook\x64\Release\capstone_static.pdb'; linking object as if no debug info
capstone.lib(PPCDisassembler.obj) : warning LNK4099: PDB 'capstone_static.pdb' was not found with 'capstone.lib(PPCDisassembler.obj)' or at 'D:\Projects\VisualStudioProject\D3DHook\x64\Release\capstone_static.pdb'; linking object as if no debug info
capstone.lib(PPCInstPrinter.obj) : warning LNK4099: PDB 'capstone_static.pdb' was not found with 'capstone.lib(PPCInstPrinter.obj)' or at 'D:\Projects\VisualStudioProject\D3DHook\x64\Release\capstone_static.pdb'; linking object as if no debug info
capstone.lib(PPCMapping.obj) : warning LNK4099: PDB 'capstone_static.pdb' was not found with 'capstone.lib(PPCMapping.obj)' or at 'D:\Projects\VisualStudioProject\D3DHook\x64\Release\capstone_static.pdb'; linking object as if no debug info
capstone.lib(PPCModule.obj) : warning LNK4099: PDB 'capstone_static.pdb' was not found with 'capstone.lib(PPCModule.obj)' or at 'D:\Projects\VisualStudioProject\D3DHook\x64\Release\capstone_static.pdb'; linking object as if no debug info
capstone.lib(SparcDisassembler.obj) : warning LNK4099: PDB 'capstone_static.pdb' was not found with 'capstone.lib(SparcDisassembler.obj)' or at 'D:\Projects\VisualStudioProject\D3DHook\x64\Release\capstone_static.pdb'; linking object as if no debug info
capstone.lib(SparcInstPrinter.obj) : warning LNK4099: PDB 'capstone_static.pdb' was not found with 'capstone.lib(SparcInstPrinter.obj)' or at 'D:\Projects\VisualStudioProject\D3DHook\x64\Release\capstone_static.pdb'; linking object as if no debug info
capstone.lib(SparcMapping.obj) : warning LNK4099: PDB 'capstone_static.pdb' was not found with 'capstone.lib(SparcMapping.obj)' or at 'D:\Projects\VisualStudioProject\D3DHook\x64\Release\capstone_static.pdb'; linking object as if no debug info
capstone.lib(SparcModule.obj) : warning LNK4099: PDB 'capstone_static.pdb' was not found with 'capstone.lib(SparcModule.obj)' or at 'D:\Projects\VisualStudioProject\D3DHook\x64\Release\capstone_static.pdb'; linking object as if no debug info
capstone.lib(SystemZDisassembler.obj) : warning LNK4099: PDB 'capstone_static.pdb' was not found with 'capstone.lib(SystemZDisassembler.obj)' or at 'D:\Projects\VisualStudioProject\D3DHook\x64\Release\capstone_static.pdb'; linking object as if no debug info
capstone.lib(SystemZInstPrinter.obj) : warning LNK4099: PDB 'capstone_static.pdb' was not found with 'capstone.lib(SystemZInstPrinter.obj)' or at 'D:\Projects\VisualStudioProject\D3DHook\x64\Release\capstone_static.pdb'; linking object as if no debug info
capstone.lib(SystemZMapping.obj) : warning LNK4099: PDB 'capstone_static.pdb' was not found with 'capstone.lib(SystemZMapping.obj)' or at 'D:\Projects\VisualStudioProject\D3DHook\x64\Release\capstone_static.pdb'; linking object as if no debug info
capstone.lib(SystemZMCTargetDesc.obj) : warning LNK4099: PDB 'capstone_static.pdb' was not found with 'capstone.lib(SystemZMCTargetDesc.obj)' or at 'D:\Projects\VisualStudioProject\D3DHook\x64\Release\capstone_static.pdb'; linking object as if no debug info
capstone.lib(SystemZModule.obj) : warning LNK4099: PDB 'capstone_static.pdb' was not found with 'capstone.lib(SystemZModule.obj)' or at 'D:\Projects\VisualStudioProject\D3DHook\x64\Release\capstone_static.pdb'; linking object as if no debug info
capstone.lib(X86ATTInstPrinter.obj) : warning LNK4099: PDB 'capstone_static.pdb' was not found with 'capstone.lib(X86ATTInstPrinter.obj)' or at 'D:\Projects\VisualStudioProject\D3DHook\x64\Release\capstone_static.pdb'; linking object as if no debug info
capstone.lib(X86Disassembler.obj) : warning LNK4099: PDB 'capstone_static.pdb' was not found with 'capstone.lib(X86Disassembler.obj)' or at 'D:\Projects\VisualStudioProject\D3DHook\x64\Release\capstone_static.pdb'; linking object as if no debug info
capstone.lib(X86DisassemblerDecoder.obj) : warning LNK4099: PDB 'capstone_static.pdb' was not found with 'capstone.lib(X86DisassemblerDecoder.obj)' or at 'D:\Projects\VisualStudioProject\D3DHook\x64\Release\capstone_static.pdb'; linking object as if no debug info
capstone.lib(X86IntelInstPrinter.obj) : warning LNK4099: PDB 'capstone_static.pdb' was not found with 'capstone.lib(X86IntelInstPrinter.obj)' or at 'D:\Projects\VisualStudioProject\D3DHook\x64\Release\capstone_static.pdb'; linking object as if no debug info
capstone.lib(X86Mapping.obj) : warning LNK4099: PDB 'capstone_static.pdb' was not found with 'capstone.lib(X86Mapping.obj)' or at 'D:\Projects\VisualStudioProject\D3DHook\x64\Release\capstone_static.pdb'; linking object as if no debug info
capstone.lib(X86Module.obj) : warning LNK4099: PDB 'capstone_static.pdb' was not found with 'capstone.lib(X86Module.obj)' or at 'D:\Projects\VisualStudioProject\D3DHook\x64\Release\capstone_static.pdb'; linking object as if no debug info
capstone.lib(XCoreInstPrinter.obj) : warning LNK4099: PDB 'capstone_static.pdb' was not found with 'capstone.lib(XCoreInstPrinter.obj)' or at 'D:\Projects\VisualStudioProject\D3DHook\x64\Release\capstone_static.pdb'; linking object as if no debug info
capstone.lib(XCoreDisassembler.obj) : warning LNK4099: PDB 'capstone_static.pdb' was not found with 'capstone.lib(XCoreDisassembler.obj)' or at 'D:\Projects\VisualStudioProject\D3DHook\x64\Release\capstone_static.pdb'; linking object as if no debug info
capstone.lib(XCoreMapping.obj) : warning LNK4099: PDB 'capstone_static.pdb' was not found with 'capstone.lib(XCoreMapping.obj)' or at 'D:\Projects\VisualStudioProject\D3DHook\x64\Release\capstone_static.pdb'; linking object as if no debug info
capstone.lib(XCoreModule.obj) : warning LNK4099: PDB 'capstone_static.pdb' was not found with 'capstone.lib(XCoreModule.obj)' or at 'D:\Projects\VisualStudioProject\D3DHook\x64\Release\capstone_static.pdb'; linking object as if no debug info
capstone.lib(cs.obj) : warning LNK4099: PDB 'capstone_static.pdb' was not found with 'capstone.lib(cs.obj)' or at 'D:\Projects\VisualStudioProject\D3DHook\x64\Release\capstone_static.pdb'; linking object as if no debug info
capstone.lib(MCInst.obj) : warning LNK4099: PDB 'capstone_static.pdb' was not found with 'capstone.lib(MCInst.obj)' or at 'D:\Projects\VisualStudioProject\D3DHook\x64\Release\capstone_static.pdb'; linking object as if no debug info
capstone.lib(MCInstrDesc.obj) : warning LNK4099: PDB 'capstone_static.pdb' was not found with 'capstone.lib(MCInstrDesc.obj)' or at 'D:\Projects\VisualStudioProject\D3DHook\x64\Release\capstone_static.pdb'; linking object as if no debug info
capstone.lib(MCRegisterInfo.obj) : warning LNK4099: PDB 'capstone_static.pdb' was not found with 'capstone.lib(MCRegisterInfo.obj)' or at 'D:\Projects\VisualStudioProject\D3DHook\x64\Release\capstone_static.pdb'; linking object as if no debug info
capstone.lib(SStream.obj) : warning LNK4099: PDB 'capstone_static.pdb' was not found with 'capstone.lib(SStream.obj)' or at 'D:\Projects\VisualStudioProject\D3DHook\x64\Release\capstone_static.pdb'; linking object as if no debug info
capstone.lib(utils.obj) : warning LNK4099: PDB 'capstone_static.pdb' was not found with 'capstone.lib(utils.obj)' or at 'D:\Projects\VisualStudioProject\D3DHook\x64\Release\capstone_static.pdb'; linking object as if no debug info
  D3DHook.vcxproj -> D:\Projects\VisualStudioProject\D3DHook\x64\Release\D3DHook.dll
