  D3D11Renderer.cpp
D:\Projects\Libs\D3DX\Include\DWrite.h(4962,1): warning C4005:  'DWRITE_E_FILEFORMAT': macro redefinition
C:\Program Files (x86)\Windows Kits\10\Include\10.0.18362.0\shared\winerror.h(56787): message :  see previous definition of 'DWRITE_E_FILEFORMAT'
D:\Projects\Libs\D3DX\Include\DWrite.h(4967,1): warning C4005:  'DWRITE_E_UNEXPECTED': macro redefinition
C:\Program Files (x86)\Windows Kits\10\Include\10.0.18362.0\shared\winerror.h(56796): message :  see previous definition of 'DWRITE_E_UNEXPECTED'
D:\Projects\Libs\D3DX\Include\DWrite.h(4972,1): warning C4005:  'DWRITE_E_NOFONT': macro redefinition
C:\Program Files (x86)\Windows Kits\10\Include\10.0.18362.0\shared\winerror.h(56805): message :  see previous definition of 'DWRITE_E_NOFONT'
D:\Projects\Libs\D3DX\Include\DWrite.h(4978,1): warning C4005:  'DWRITE_E_FILENOTFOUND': macro redefinition
C:\Program Files (x86)\Windows Kits\10\Include\10.0.18362.0\shared\winerror.h(56814): message :  see previous definition of 'DWRITE_E_FILENOTFOUND'
D:\Projects\Libs\D3DX\Include\DWrite.h(4983,1): warning C4005:  'DWRITE_E_FILEACCESS': macro redefinition
C:\Program Files (x86)\Windows Kits\10\Include\10.0.18362.0\shared\winerror.h(56823): message :  see previous definition of 'DWRITE_E_FILEACCESS'
D:\Projects\Libs\D3DX\Include\DWrite.h(4988,1): warning C4005:  'DWRITE_E_FONTCOLLECTIONOBSOLETE': macro redefinition
C:\Program Files (x86)\Windows Kits\10\Include\10.0.18362.0\shared\winerror.h(56832): message :  see previous definition of 'DWRITE_E_FONTCOLLECTIONOBSOLETE'
D:\Projects\Libs\D3DX\Include\DWrite.h(4993,1): warning C4005:  'DWRITE_E_ALREADYREGISTERED': macro redefinition
C:\Program Files (x86)\Windows Kits\10\Include\10.0.18362.0\shared\winerror.h(56841): message :  see previous definition of 'DWRITE_E_ALREADYREGISTERED'
D:\Projects\VisualStudioProject\D3DHook\Renderer\D3D11Renderer.cpp(344,13): warning C4244:  'initializing': conversion from 'double' to 'float', possible loss of data
D:\Projects\VisualStudioProject\D3DHook\Renderer\D3D11Renderer.cpp(347,12): warning C4244:  'initializing': conversion from 'double' to 'float', possible loss of data
D:\Projects\VisualStudioProject\D3DHook\Renderer\D3D11Renderer.cpp(348,12): warning C4244:  'initializing': conversion from 'double' to 'float', possible loss of data
D:\Projects\VisualStudioProject\D3DHook\Renderer\D3D11Renderer.cpp(349,12): warning C4244:  'initializing': conversion from 'double' to 'float', possible loss of data
  D3D11StateSaver.cpp
D:\Projects\VisualStudioProject\D3DHook\Renderer\D3D11Renderer.cpp(350,12): warning C4244:  'initializing': conversion from 'double' to 'float', possible loss of data
D:\Projects\Libs\D3DX\Include\DWrite.h(4962,1): warning C4005:  'DWRITE_E_FILEFORMAT': macro redefinition
C:\Program Files (x86)\Windows Kits\10\Include\10.0.18362.0\shared\winerror.h(56787): message :  see previous definition of 'DWRITE_E_FILEFORMAT'
D:\Projects\Libs\D3DX\Include\DWrite.h(4967,1): warning C4005:  'DWRITE_E_UNEXPECTED': macro redefinition
C:\Program Files (x86)\Windows Kits\10\Include\10.0.18362.0\shared\winerror.h(56796): message :  see previous definition of 'DWRITE_E_UNEXPECTED'
D:\Projects\Libs\D3DX\Include\DWrite.h(4972,1): warning C4005:  'DWRITE_E_NOFONT': macro redefinition
C:\Program Files (x86)\Windows Kits\10\Include\10.0.18362.0\shared\winerror.h(56805): message :  see previous definition of 'DWRITE_E_NOFONT'
D:\Projects\Libs\D3DX\Include\DWrite.h(4978,1): warning C4005:  'DWRITE_E_FILENOTFOUND': macro redefinition
C:\Program Files (x86)\Windows Kits\10\Include\10.0.18362.0\shared\winerror.h(56814): message :  see previous definition of 'DWRITE_E_FILENOTFOUND'
D:\Projects\Libs\D3DX\Include\DWrite.h(4983,1): warning C4005:  'DWRITE_E_FILEACCESS': macro redefinition
C:\Program Files (x86)\Windows Kits\10\Include\10.0.18362.0\shared\winerror.h(56823): message :  see previous definition of 'DWRITE_E_FILEACCESS'
D:\Projects\Libs\D3DX\Include\DWrite.h(4988,1): warning C4005:  'DWRITE_E_FONTCOLLECTIONOBSOLETE': macro redefinition
C:\Program Files (x86)\Windows Kits\10\Include\10.0.18362.0\shared\winerror.h(56832): message :  see previous definition of 'DWRITE_E_FONTCOLLECTIONOBSOLETE'
D:\Projects\Libs\D3DX\Include\DWrite.h(4993,1): warning C4005:  'DWRITE_E_ALREADYREGISTERED': macro redefinition
  dllmain.cpp
C:\Program Files (x86)\Windows Kits\10\Include\10.0.18362.0\shared\winerror.h(56841): message :  see previous definition of 'DWRITE_E_ALREADYREGISTERED'
D:\Projects\Libs\D3DX\Include\dxgitype.h(12,1): warning C4005:  'DXGI_STATUS_OCCLUDED': macro redefinition
C:\Program Files (x86)\Windows Kits\10\Include\10.0.18362.0\shared\winerror.h(55840): message :  see previous definition of 'DXGI_STATUS_OCCLUDED'
D:\Projects\Libs\D3DX\Include\dxgitype.h(13,1): warning C4005:  'DXGI_STATUS_CLIPPED': macro redefinition
C:\Program Files (x86)\Windows Kits\10\Include\10.0.18362.0\shared\winerror.h(55849): message :  see previous definition of 'DXGI_STATUS_CLIPPED'
D:\Projects\Libs\D3DX\Include\dxgitype.h(14,1): warning C4005:  'DXGI_STATUS_NO_REDIRECTION': macro redefinition
C:\Program Files (x86)\Windows Kits\10\Include\10.0.18362.0\shared\winerror.h(55858): message :  see previous definition of 'DXGI_STATUS_NO_REDIRECTION'
D:\Projects\Libs\D3DX\Include\dxgitype.h(15,1): warning C4005:  'DXGI_STATUS_NO_DESKTOP_ACCESS': macro redefinition
C:\Program Files (x86)\Windows Kits\10\Include\10.0.18362.0\shared\winerror.h(55867): message :  see previous definition of 'DXGI_STATUS_NO_DESKTOP_ACCESS'
D:\Projects\Libs\D3DX\Include\dxgitype.h(16,1): warning C4005:  'DXGI_STATUS_GRAPHICS_VIDPN_SOURCE_IN_USE': macro redefinition
C:\Program Files (x86)\Windows Kits\10\Include\10.0.18362.0\shared\winerror.h(55876): message :  see previous definition of 'DXGI_STATUS_GRAPHICS_VIDPN_SOURCE_IN_USE'
D:\Projects\Libs\D3DX\Include\dxgitype.h(17,1): warning C4005:  'DXGI_STATUS_MODE_CHANGED': macro redefinition
C:\Program Files (x86)\Windows Kits\10\Include\10.0.18362.0\shared\winerror.h(55885): message :  see previous definition of 'DXGI_STATUS_MODE_CHANGED'
D:\Projects\Libs\D3DX\Include\dxgitype.h(18,1): warning C4005:  'DXGI_STATUS_MODE_CHANGE_IN_PROGRESS': macro redefinition
C:\Program Files (x86)\Windows Kits\10\Include\10.0.18362.0\shared\winerror.h(55894): message :  see previous definition of 'DXGI_STATUS_MODE_CHANGE_IN_PROGRESS'
D:\Projects\Libs\D3DX\Include\dxgitype.h(21,1): warning C4005:  'DXGI_ERROR_INVALID_CALL': macro redefinition
C:\Program Files (x86)\Windows Kits\10\Include\10.0.18362.0\shared\winerror.h(55909): message :  see previous definition of 'DXGI_ERROR_INVALID_CALL'
D:\Projects\Libs\D3DX\Include\dxgitype.h(22,1): warning C4005:  'DXGI_ERROR_NOT_FOUND': macro redefinition
C:\Program Files (x86)\Windows Kits\10\Include\10.0.18362.0\shared\winerror.h(55918): message :  see previous definition of 'DXGI_ERROR_NOT_FOUND'
D:\Projects\Libs\D3DX\Include\dxgitype.h(23,1): warning C4005:  'DXGI_ERROR_MORE_DATA': macro redefinition
C:\Program Files (x86)\Windows Kits\10\Include\10.0.18362.0\shared\winerror.h(55927): message :  see previous definition of 'DXGI_ERROR_MORE_DATA'
D:\Projects\Libs\D3DX\Include\dxgitype.h(24,1): warning C4005:  'DXGI_ERROR_UNSUPPORTED': macro redefinition
C:\Program Files (x86)\Windows Kits\10\Include\10.0.18362.0\shared\winerror.h(55936): message :  see previous definition of 'DXGI_ERROR_UNSUPPORTED'
D:\Projects\Libs\D3DX\Include\dxgitype.h(25,1): warning C4005:  'DXGI_ERROR_DEVICE_REMOVED': macro redefinition
C:\Program Files (x86)\Windows Kits\10\Include\10.0.18362.0\shared\winerror.h(55945): message :  see previous definition of 'DXGI_ERROR_DEVICE_REMOVED'
D:\Projects\Libs\D3DX\Include\dxgitype.h(26,1): warning C4005:  'DXGI_ERROR_DEVICE_HUNG': macro redefinition
C:\Program Files (x86)\Windows Kits\10\Include\10.0.18362.0\shared\winerror.h(55954): message :  see previous definition of 'DXGI_ERROR_DEVICE_HUNG'
D:\Projects\Libs\D3DX\Include\dxgitype.h(27,1): warning C4005:  'DXGI_ERROR_DEVICE_RESET': macro redefinition
C:\Program Files (x86)\Windows Kits\10\Include\10.0.18362.0\shared\winerror.h(55964): message :  see previous definition of 'DXGI_ERROR_DEVICE_RESET'
D:\Projects\Libs\D3DX\Include\dxgitype.h(28,1): warning C4005:  'DXGI_ERROR_WAS_STILL_DRAWING': macro redefinition
C:\Program Files (x86)\Windows Kits\10\Include\10.0.18362.0\shared\winerror.h(55973): message :  see previous definition of 'DXGI_ERROR_WAS_STILL_DRAWING'
D:\Projects\Libs\D3DX\Include\dxgitype.h(29,1): warning C4005:  'DXGI_ERROR_FRAME_STATISTICS_DISJOINT': macro redefinition
C:\Program Files (x86)\Windows Kits\10\Include\10.0.18362.0\shared\winerror.h(55983): message :  see previous definition of 'DXGI_ERROR_FRAME_STATISTICS_DISJOINT'
D:\Projects\Libs\D3DX\Include\dxgitype.h(30,1): warning C4005:  'DXGI_ERROR_GRAPHICS_VIDPN_SOURCE_IN_USE': macro redefinition
C:\Program Files (x86)\Windows Kits\10\Include\10.0.18362.0\shared\winerror.h(55992): message :  see previous definition of 'DXGI_ERROR_GRAPHICS_VIDPN_SOURCE_IN_USE'
D:\Projects\Libs\D3DX\Include\dxgitype.h(31,1): warning C4005:  'DXGI_ERROR_DRIVER_INTERNAL_ERROR': macro redefinition
C:\Program Files (x86)\Windows Kits\10\Include\10.0.18362.0\shared\winerror.h(56002): message :  see previous definition of 'DXGI_ERROR_DRIVER_INTERNAL_ERROR'
D:\Projects\Libs\D3DX\Include\dxgitype.h(32,1): warning C4005:  'DXGI_ERROR_NONEXCLUSIVE': macro redefinition
C:\Program Files (x86)\Windows Kits\10\Include\10.0.18362.0\shared\winerror.h(56011): message :  see previous definition of 'DXGI_ERROR_NONEXCLUSIVE'
D:\Projects\Libs\D3DX\Include\dxgitype.h(33,1): warning C4005:  'DXGI_ERROR_NOT_CURRENTLY_AVAILABLE': macro redefinition
C:\Program Files (x86)\Windows Kits\10\Include\10.0.18362.0\shared\winerror.h(56020): message :  see previous definition of 'DXGI_ERROR_NOT_CURRENTLY_AVAILABLE'
D:\Projects\Libs\D3DX\Include\dxgitype.h(34,1): warning C4005:  'DXGI_ERROR_REMOTE_CLIENT_DISCONNECTED': macro redefinition
C:\Program Files (x86)\Windows Kits\10\Include\10.0.18362.0\shared\winerror.h(56030): message :  see previous definition of 'DXGI_ERROR_REMOTE_CLIENT_DISCONNECTED'
D:\Projects\Libs\D3DX\Include\dxgitype.h(35,1): warning C4005:  'DXGI_ERROR_REMOTE_OUTOFMEMORY': macro redefinition
C:\Program Files (x86)\Windows Kits\10\Include\10.0.18362.0\shared\winerror.h(56039): message :  see previous definition of 'DXGI_ERROR_REMOTE_OUTOFMEMORY'
D:\Projects\Libs\D3DX\Include\d3d11.h(917,1): warning C4005:  'D3D11_ERROR_TOO_MANY_UNIQUE_STATE_OBJECTS': macro redefinition
C:\Program Files (x86)\Windows Kits\10\Include\10.0.18362.0\shared\winerror.h(56303): message :  see previous definition of 'D3D11_ERROR_TOO_MANY_UNIQUE_STATE_OBJECTS'
D:\Projects\Libs\D3DX\Include\d3d11.h(918,1): warning C4005:  'D3D11_ERROR_FILE_NOT_FOUND': macro redefinition
C:\Program Files (x86)\Windows Kits\10\Include\10.0.18362.0\shared\winerror.h(56312): message :  see previous definition of 'D3D11_ERROR_FILE_NOT_FOUND'
D:\Projects\Libs\D3DX\Include\d3d11.h(919,1): warning C4005:  'D3D11_ERROR_TOO_MANY_UNIQUE_VIEW_OBJECTS': macro redefinition
C:\Program Files (x86)\Windows Kits\10\Include\10.0.18362.0\shared\winerror.h(56322): message :  see previous definition of 'D3D11_ERROR_TOO_MANY_UNIQUE_VIEW_OBJECTS'
D:\Projects\Libs\D3DX\Include\d3d11.h(920,1): warning C4005:  'D3D11_ERROR_DEFERRED_CONTEXT_MAP_WITHOUT_INITIAL_DISCARD': macro redefinition
C:\Program Files (x86)\Windows Kits\10\Include\10.0.18362.0\shared\winerror.h(56331): message :  see previous definition of 'D3D11_ERROR_DEFERRED_CONTEXT_MAP_WITHOUT_INITIAL_DISCARD'
D:\Projects\Libs\D3DX\Include\d3d10.h(608,1): warning C4005:  'D3D10_ERROR_TOO_MANY_UNIQUE_STATE_OBJECTS': macro redefinition
C:\Program Files (x86)\Windows Kits\10\Include\10.0.18362.0\shared\winerror.h(56279): message :  see previous definition of 'D3D10_ERROR_TOO_MANY_UNIQUE_STATE_OBJECTS'
D:\Projects\Libs\D3DX\Include\d3d10.h(609,1): warning C4005:  'D3D10_ERROR_FILE_NOT_FOUND': macro redefinition
C:\Program Files (x86)\Windows Kits\10\Include\10.0.18362.0\shared\winerror.h(56288): message :  see previous definition of 'D3D10_ERROR_FILE_NOT_FOUND'
D:\Projects\Libs\D3DX\Include\DWrite.h(4962,1): warning C4005:  'DWRITE_E_FILEFORMAT': macro redefinition
C:\Program Files (x86)\Windows Kits\10\Include\10.0.18362.0\shared\winerror.h(56787): message :  see previous definition of 'DWRITE_E_FILEFORMAT'
D:\Projects\Libs\D3DX\Include\DWrite.h(4967,1): warning C4005:  'DWRITE_E_UNEXPECTED': macro redefinition
C:\Program Files (x86)\Windows Kits\10\Include\10.0.18362.0\shared\winerror.h(56796): message :  see previous definition of 'DWRITE_E_UNEXPECTED'
D:\Projects\Libs\D3DX\Include\DWrite.h(4972,1): warning C4005:  'DWRITE_E_NOFONT': macro redefinition
C:\Program Files (x86)\Windows Kits\10\Include\10.0.18362.0\shared\winerror.h(56805): message :  see previous definition of 'DWRITE_E_NOFONT'
D:\Projects\Libs\D3DX\Include\DWrite.h(4978,1): warning C4005:  'DWRITE_E_FILENOTFOUND': macro redefinition
C:\Program Files (x86)\Windows Kits\10\Include\10.0.18362.0\shared\winerror.h(56814): message :  see previous definition of 'DWRITE_E_FILENOTFOUND'
D:\Projects\Libs\D3DX\Include\DWrite.h(4983,1): warning C4005:  'DWRITE_E_FILEACCESS': macro redefinition
C:\Program Files (x86)\Windows Kits\10\Include\10.0.18362.0\shared\winerror.h(56823): message :  see previous definition of 'DWRITE_E_FILEACCESS'
D:\Projects\Libs\D3DX\Include\DWrite.h(4988,1): warning C4005:  'DWRITE_E_FONTCOLLECTIONOBSOLETE': macro redefinition
C:\Program Files (x86)\Windows Kits\10\Include\10.0.18362.0\shared\winerror.h(56832): message :  see previous definition of 'DWRITE_E_FONTCOLLECTIONOBSOLETE'
D:\Projects\Libs\D3DX\Include\DWrite.h(4993,1): warning C4005:  'DWRITE_E_ALREADYREGISTERED': macro redefinition
C:\Program Files (x86)\Windows Kits\10\Include\10.0.18362.0\shared\winerror.h(56841): message :  see previous definition of 'DWRITE_E_ALREADYREGISTERED'
D:\Projects\VisualStudioProject\D3DHook\PolyHook\PolyHook.hpp(199,50): warning C4133:  '-': incompatible types - from 'void *' to 'uint8_t *'
D:\Projects\VisualStudioProject\D3DHook\PolyHook\PolyHook.hpp(886,22): warning C4244:  '-=': conversion from 'uintptr_t' to 'int8_t', possible loss of data
D:\Projects\VisualStudioProject\D3DHook\PolyHook\PolyHook.hpp(891,22): warning C4244:  '-=': conversion from 'uintptr_t' to 'int16_t', possible loss of data
D:\Projects\VisualStudioProject\D3DHook\PolyHook\PolyHook.hpp(896,22): warning C4244:  '-=': conversion from 'uintptr_t' to 'int32_t', possible loss of data
D:\Projects\VisualStudioProject\D3DHook\PolyHook\PolyHook.hpp(1553,7): warning C4334:  '<<': result of 32-bit shift implicitly converted to 64 bits (was 64-bit shift intended?)
D:\Projects\VisualStudioProject\D3DHook\PolyHook\PolyHook.hpp(1584,33): warning C4334:  '<<': result of 32-bit shift implicitly converted to 64 bits (was 64-bit shift intended?)
D:\Projects\VisualStudioProject\D3DHook\PolyHook\PolyHook.hpp(349,28): warning C4244:  'return': conversion from 'uintptr_t' to 'T', possible loss of data
D:\Projects\VisualStudioProject\D3DHook\PolyHook\PolyHook.hpp(349,28): warning C4244:         with
D:\Projects\VisualStudioProject\D3DHook\PolyHook\PolyHook.hpp(349,28): warning C4244:         [
D:\Projects\VisualStudioProject\D3DHook\PolyHook\PolyHook.hpp(349,28): warning C4244:             T=int8_t
D:\Projects\VisualStudioProject\D3DHook\PolyHook\PolyHook.hpp(349,28): warning C4244:         ]
D:\Projects\VisualStudioProject\D3DHook\PolyHook\PolyHook.hpp(934): message :  see reference to function template instantiation 'T PLH::AbstractDetour::CalculateRelativeDisplacement<int8_t>(uintptr_t,uintptr_t,uint_fast32_t)' being compiled
D:\Projects\VisualStudioProject\D3DHook\PolyHook\PolyHook.hpp(934): message :         with
D:\Projects\VisualStudioProject\D3DHook\PolyHook\PolyHook.hpp(934): message :         [
D:\Projects\VisualStudioProject\D3DHook\PolyHook\PolyHook.hpp(934): message :             T=int8_t
D:\Projects\VisualStudioProject\D3DHook\PolyHook\PolyHook.hpp(934): message :         ]
C:\Program Files (x86)\Microsoft Visual Studio\2019\Enterprise\VC\Tools\MSVC\14.22.27905\include\chrono(591): message :  see reference to class template instantiation 'std::chrono::duration<double,std::ratio<1,1>>' being compiled
C:\Program Files (x86)\Microsoft Visual Studio\2019\Enterprise\VC\Tools\MSVC\14.22.27905\include\chrono(169): message :  see reference to class template instantiation 'std::chrono::duration<__int64,std::nano>' being compiled
C:\Program Files (x86)\Microsoft Visual Studio\2019\Enterprise\VC\Tools\MSVC\14.22.27905\include\chrono(570): message :  see reference to class template instantiation 'std::chrono::time_point<std::chrono::steady_clock,std::chrono::steady_clock::duration>' being compiled
D:\Projects\VisualStudioProject\D3DHook\PolyHook\PolyHook.hpp(350,14): warning C4244:  'return': conversion from 'uintptr_t' to 'T', possible loss of data
D:\Projects\VisualStudioProject\D3DHook\PolyHook\PolyHook.hpp(350,14): warning C4244:         with
D:\Projects\VisualStudioProject\D3DHook\PolyHook\PolyHook.hpp(350,14): warning C4244:         [
D:\Projects\VisualStudioProject\D3DHook\PolyHook\PolyHook.hpp(350,14): warning C4244:             T=int8_t
D:\Projects\VisualStudioProject\D3DHook\PolyHook\PolyHook.hpp(350,14): warning C4244:         ]
D:\Projects\VisualStudioProject\D3DHook\PolyHook\PolyHook.hpp(349,28): warning C4244:  'return': conversion from 'uintptr_t' to 'T', possible loss of data
D:\Projects\VisualStudioProject\D3DHook\PolyHook\PolyHook.hpp(349,28): warning C4244:         with
D:\Projects\VisualStudioProject\D3DHook\PolyHook\PolyHook.hpp(349,28): warning C4244:         [
D:\Projects\VisualStudioProject\D3DHook\PolyHook\PolyHook.hpp(349,28): warning C4244:             T=int16_t
D:\Projects\VisualStudioProject\D3DHook\PolyHook\PolyHook.hpp(349,28): warning C4244:         ]
D:\Projects\VisualStudioProject\D3DHook\PolyHook\PolyHook.hpp(942): message :  see reference to function template instantiation 'T PLH::AbstractDetour::CalculateRelativeDisplacement<int16_t>(uintptr_t,uintptr_t,uint_fast32_t)' being compiled
D:\Projects\VisualStudioProject\D3DHook\PolyHook\PolyHook.hpp(942): message :         with
D:\Projects\VisualStudioProject\D3DHook\PolyHook\PolyHook.hpp(942): message :         [
D:\Projects\VisualStudioProject\D3DHook\PolyHook\PolyHook.hpp(942): message :             T=int16_t
D:\Projects\VisualStudioProject\D3DHook\PolyHook\PolyHook.hpp(942): message :         ]
D:\Projects\VisualStudioProject\D3DHook\PolyHook\PolyHook.hpp(350,14): warning C4244:  'return': conversion from 'uintptr_t' to 'T', possible loss of data
D:\Projects\VisualStudioProject\D3DHook\PolyHook\PolyHook.hpp(350,14): warning C4244:         with
D:\Projects\VisualStudioProject\D3DHook\PolyHook\PolyHook.hpp(350,14): warning C4244:         [
D:\Projects\VisualStudioProject\D3DHook\PolyHook\PolyHook.hpp(350,14): warning C4244:             T=int16_t
D:\Projects\VisualStudioProject\D3DHook\PolyHook\PolyHook.hpp(350,14): warning C4244:         ]
D:\Projects\VisualStudioProject\D3DHook\PolyHook\PolyHook.hpp(349,28): warning C4244:  'return': conversion from 'uintptr_t' to 'T', possible loss of data
D:\Projects\VisualStudioProject\D3DHook\PolyHook\PolyHook.hpp(349,28): warning C4244:         with
D:\Projects\VisualStudioProject\D3DHook\PolyHook\PolyHook.hpp(349,28): warning C4244:         [
D:\Projects\VisualStudioProject\D3DHook\PolyHook\PolyHook.hpp(349,28): warning C4244:             T=int32_t
D:\Projects\VisualStudioProject\D3DHook\PolyHook\PolyHook.hpp(349,28): warning C4244:         ]
D:\Projects\VisualStudioProject\D3DHook\PolyHook\PolyHook.hpp(950): message :  see reference to function template instantiation 'T PLH::AbstractDetour::CalculateRelativeDisplacement<int32_t>(uintptr_t,uintptr_t,uint_fast32_t)' being compiled
D:\Projects\VisualStudioProject\D3DHook\PolyHook\PolyHook.hpp(950): message :         with
D:\Projects\VisualStudioProject\D3DHook\PolyHook\PolyHook.hpp(950): message :         [
D:\Projects\VisualStudioProject\D3DHook\PolyHook\PolyHook.hpp(950): message :             T=int32_t
D:\Projects\VisualStudioProject\D3DHook\PolyHook\PolyHook.hpp(950): message :         ]
D:\Projects\VisualStudioProject\D3DHook\PolyHook\PolyHook.hpp(350,14): warning C4244:  'return': conversion from 'uintptr_t' to 'T', possible loss of data
D:\Projects\VisualStudioProject\D3DHook\PolyHook\PolyHook.hpp(350,14): warning C4244:         with
D:\Projects\VisualStudioProject\D3DHook\PolyHook\PolyHook.hpp(350,14): warning C4244:         [
D:\Projects\VisualStudioProject\D3DHook\PolyHook\PolyHook.hpp(350,14): warning C4244:             T=int32_t
D:\Projects\VisualStudioProject\D3DHook\PolyHook\PolyHook.hpp(350,14): warning C4244:         ]
D:\Projects\VisualStudioProject\D3DHook\PolyHook\PolyHook.hpp(349,28): warning C4244:  'return': conversion from 'uintptr_t' to 'T', possible loss of data
D:\Projects\VisualStudioProject\D3DHook\PolyHook\PolyHook.hpp(349,28): warning C4244:         with
D:\Projects\VisualStudioProject\D3DHook\PolyHook\PolyHook.hpp(349,28): warning C4244:         [
D:\Projects\VisualStudioProject\D3DHook\PolyHook\PolyHook.hpp(349,28): warning C4244:             T=long
D:\Projects\VisualStudioProject\D3DHook\PolyHook\PolyHook.hpp(349,28): warning C4244:         ]
D:\Projects\VisualStudioProject\D3DHook\PolyHook\PolyHook.hpp(1151): message :  see reference to function template instantiation 'T PLH::AbstractDetour::CalculateRelativeDisplacement<long>(uintptr_t,uintptr_t,uint_fast32_t)' being compiled
D:\Projects\VisualStudioProject\D3DHook\PolyHook\PolyHook.hpp(1151): message :         with
D:\Projects\VisualStudioProject\D3DHook\PolyHook\PolyHook.hpp(1151): message :         [
D:\Projects\VisualStudioProject\D3DHook\PolyHook\PolyHook.hpp(1151): message :             T=long
D:\Projects\VisualStudioProject\D3DHook\PolyHook\PolyHook.hpp(1151): message :         ]
  Generating Code...
D:\Projects\VisualStudioProject\D3DHook\PolyHook\PolyHook.hpp(350,14): warning C4244:  'return': conversion from 'uintptr_t' to 'T', possible loss of data
D:\Projects\VisualStudioProject\D3DHook\PolyHook\PolyHook.hpp(350,14): warning C4244:         with
D:\Projects\VisualStudioProject\D3DHook\PolyHook\PolyHook.hpp(350,14): warning C4244:         [
D:\Projects\VisualStudioProject\D3DHook\PolyHook\PolyHook.hpp(350,14): warning C4244:             T=long
D:\Projects\VisualStudioProject\D3DHook\PolyHook\PolyHook.hpp(350,14): warning C4244:         ]
  capstone.lib(cs.obj) : MSIL .netmodule or module compiled with /GL found; restarting link with /LTCG; add /LTCG to the link command line to improve linker performance
LINK : warning LNK4075: ignoring '/INCREMENTAL' due to '/LTCG' specification
LINK : warning LNK4098: defaultlib 'LIBCMT' conflicts with use of other libs; use /NODEFAULTLIB:library
  Generating code
  Finished generating code
capstone.lib(cs.obj) : warning LNK4099: PDB 'capstone_static.pdb' was not found with 'capstone.lib(cs.obj)' or at 'D:\Projects\VisualStudioProject\D3DHook\x64\Debug\capstone_static.pdb'; linking object as if no debug info
capstone.lib(MCInst.obj) : warning LNK4099: PDB 'capstone_static.pdb' was not found with 'capstone.lib(MCInst.obj)' or at 'D:\Projects\VisualStudioProject\D3DHook\x64\Debug\capstone_static.pdb'; linking object as if no debug info
capstone.lib(MipsModule.obj) : warning LNK4099: PDB 'capstone_static.pdb' was not found with 'capstone.lib(MipsModule.obj)' or at 'D:\Projects\VisualStudioProject\D3DHook\x64\Debug\capstone_static.pdb'; linking object as if no debug info
capstone.lib(X86Module.obj) : warning LNK4099: PDB 'capstone_static.pdb' was not found with 'capstone.lib(X86Module.obj)' or at 'D:\Projects\VisualStudioProject\D3DHook\x64\Debug\capstone_static.pdb'; linking object as if no debug info
capstone.lib(PPCModule.obj) : warning LNK4099: PDB 'capstone_static.pdb' was not found with 'capstone.lib(PPCModule.obj)' or at 'D:\Projects\VisualStudioProject\D3DHook\x64\Debug\capstone_static.pdb'; linking object as if no debug info
capstone.lib(AArch64Module.obj) : warning LNK4099: PDB 'capstone_static.pdb' was not found with 'capstone.lib(AArch64Module.obj)' or at 'D:\Projects\VisualStudioProject\D3DHook\x64\Debug\capstone_static.pdb'; linking object as if no debug info
capstone.lib(XCoreModule.obj) : warning LNK4099: PDB 'capstone_static.pdb' was not found with 'capstone.lib(XCoreModule.obj)' or at 'D:\Projects\VisualStudioProject\D3DHook\x64\Debug\capstone_static.pdb'; linking object as if no debug info
capstone.lib(SparcModule.obj) : warning LNK4099: PDB 'capstone_static.pdb' was not found with 'capstone.lib(SparcModule.obj)' or at 'D:\Projects\VisualStudioProject\D3DHook\x64\Debug\capstone_static.pdb'; linking object as if no debug info
capstone.lib(SystemZModule.obj) : warning LNK4099: PDB 'capstone_static.pdb' was not found with 'capstone.lib(SystemZModule.obj)' or at 'D:\Projects\VisualStudioProject\D3DHook\x64\Debug\capstone_static.pdb'; linking object as if no debug info
capstone.lib(SStream.obj) : warning LNK4099: PDB 'capstone_static.pdb' was not found with 'capstone.lib(SStream.obj)' or at 'D:\Projects\VisualStudioProject\D3DHook\x64\Debug\capstone_static.pdb'; linking object as if no debug info
capstone.lib(ARMModule.obj) : warning LNK4099: PDB 'capstone_static.pdb' was not found with 'capstone.lib(ARMModule.obj)' or at 'D:\Projects\VisualStudioProject\D3DHook\x64\Debug\capstone_static.pdb'; linking object as if no debug info
capstone.lib(MipsDisassembler.obj) : warning LNK4099: PDB 'capstone_static.pdb' was not found with 'capstone.lib(MipsDisassembler.obj)' or at 'D:\Projects\VisualStudioProject\D3DHook\x64\Debug\capstone_static.pdb'; linking object as if no debug info
capstone.lib(MipsMapping.obj) : warning LNK4099: PDB 'capstone_static.pdb' was not found with 'capstone.lib(MipsMapping.obj)' or at 'D:\Projects\VisualStudioProject\D3DHook\x64\Debug\capstone_static.pdb'; linking object as if no debug info
capstone.lib(MipsInstPrinter.obj) : warning LNK4099: PDB 'capstone_static.pdb' was not found with 'capstone.lib(MipsInstPrinter.obj)' or at 'D:\Projects\VisualStudioProject\D3DHook\x64\Debug\capstone_static.pdb'; linking object as if no debug info
capstone.lib(X86Disassembler.obj) : warning LNK4099: PDB 'capstone_static.pdb' was not found with 'capstone.lib(X86Disassembler.obj)' or at 'D:\Projects\VisualStudioProject\D3DHook\x64\Debug\capstone_static.pdb'; linking object as if no debug info
capstone.lib(X86Mapping.obj) : warning LNK4099: PDB 'capstone_static.pdb' was not found with 'capstone.lib(X86Mapping.obj)' or at 'D:\Projects\VisualStudioProject\D3DHook\x64\Debug\capstone_static.pdb'; linking object as if no debug info
capstone.lib(X86IntelInstPrinter.obj) : warning LNK4099: PDB 'capstone_static.pdb' was not found with 'capstone.lib(X86IntelInstPrinter.obj)' or at 'D:\Projects\VisualStudioProject\D3DHook\x64\Debug\capstone_static.pdb'; linking object as if no debug info
capstone.lib(X86ATTInstPrinter.obj) : warning LNK4099: PDB 'capstone_static.pdb' was not found with 'capstone.lib(X86ATTInstPrinter.obj)' or at 'D:\Projects\VisualStudioProject\D3DHook\x64\Debug\capstone_static.pdb'; linking object as if no debug info
capstone.lib(PPCMapping.obj) : warning LNK4099: PDB 'capstone_static.pdb' was not found with 'capstone.lib(PPCMapping.obj)' or at 'D:\Projects\VisualStudioProject\D3DHook\x64\Debug\capstone_static.pdb'; linking object as if no debug info
capstone.lib(PPCDisassembler.obj) : warning LNK4099: PDB 'capstone_static.pdb' was not found with 'capstone.lib(PPCDisassembler.obj)' or at 'D:\Projects\VisualStudioProject\D3DHook\x64\Debug\capstone_static.pdb'; linking object as if no debug info
capstone.lib(PPCInstPrinter.obj) : warning LNK4099: PDB 'capstone_static.pdb' was not found with 'capstone.lib(PPCInstPrinter.obj)' or at 'D:\Projects\VisualStudioProject\D3DHook\x64\Debug\capstone_static.pdb'; linking object as if no debug info
capstone.lib(AArch64InstPrinter.obj) : warning LNK4099: PDB 'capstone_static.pdb' was not found with 'capstone.lib(AArch64InstPrinter.obj)' or at 'D:\Projects\VisualStudioProject\D3DHook\x64\Debug\capstone_static.pdb'; linking object as if no debug info
capstone.lib(AArch64Mapping.obj) : warning LNK4099: PDB 'capstone_static.pdb' was not found with 'capstone.lib(AArch64Mapping.obj)' or at 'D:\Projects\VisualStudioProject\D3DHook\x64\Debug\capstone_static.pdb'; linking object as if no debug info
capstone.lib(AArch64Disassembler.obj) : warning LNK4099: PDB 'capstone_static.pdb' was not found with 'capstone.lib(AArch64Disassembler.obj)' or at 'D:\Projects\VisualStudioProject\D3DHook\x64\Debug\capstone_static.pdb'; linking object as if no debug info
capstone.lib(XCoreMapping.obj) : warning LNK4099: PDB 'capstone_static.pdb' was not found with 'capstone.lib(XCoreMapping.obj)' or at 'D:\Projects\VisualStudioProject\D3DHook\x64\Debug\capstone_static.pdb'; linking object as if no debug info
capstone.lib(XCoreInstPrinter.obj) : warning LNK4099: PDB 'capstone_static.pdb' was not found with 'capstone.lib(XCoreInstPrinter.obj)' or at 'D:\Projects\VisualStudioProject\D3DHook\x64\Debug\capstone_static.pdb'; linking object as if no debug info
capstone.lib(XCoreDisassembler.obj) : warning LNK4099: PDB 'capstone_static.pdb' was not found with 'capstone.lib(XCoreDisassembler.obj)' or at 'D:\Projects\VisualStudioProject\D3DHook\x64\Debug\capstone_static.pdb'; linking object as if no debug info
capstone.lib(SparcInstPrinter.obj) : warning LNK4099: PDB 'capstone_static.pdb' was not found with 'capstone.lib(SparcInstPrinter.obj)' or at 'D:\Projects\VisualStudioProject\D3DHook\x64\Debug\capstone_static.pdb'; linking object as if no debug info
capstone.lib(SparcMapping.obj) : warning LNK4099: PDB 'capstone_static.pdb' was not found with 'capstone.lib(SparcMapping.obj)' or at 'D:\Projects\VisualStudioProject\D3DHook\x64\Debug\capstone_static.pdb'; linking object as if no debug info
capstone.lib(SparcDisassembler.obj) : warning LNK4099: PDB 'capstone_static.pdb' was not found with 'capstone.lib(SparcDisassembler.obj)' or at 'D:\Projects\VisualStudioProject\D3DHook\x64\Debug\capstone_static.pdb'; linking object as if no debug info
capstone.lib(SystemZMapping.obj) : warning LNK4099: PDB 'capstone_static.pdb' was not found with 'capstone.lib(SystemZMapping.obj)' or at 'D:\Projects\VisualStudioProject\D3DHook\x64\Debug\capstone_static.pdb'; linking object as if no debug info
capstone.lib(SystemZInstPrinter.obj) : warning LNK4099: PDB 'capstone_static.pdb' was not found with 'capstone.lib(SystemZInstPrinter.obj)' or at 'D:\Projects\VisualStudioProject\D3DHook\x64\Debug\capstone_static.pdb'; linking object as if no debug info
capstone.lib(SystemZDisassembler.obj) : warning LNK4099: PDB 'capstone_static.pdb' was not found with 'capstone.lib(SystemZDisassembler.obj)' or at 'D:\Projects\VisualStudioProject\D3DHook\x64\Debug\capstone_static.pdb'; linking object as if no debug info
capstone.lib(ARMInstPrinter.obj) : warning LNK4099: PDB 'capstone_static.pdb' was not found with 'capstone.lib(ARMInstPrinter.obj)' or at 'D:\Projects\VisualStudioProject\D3DHook\x64\Debug\capstone_static.pdb'; linking object as if no debug info
capstone.lib(ARMMapping.obj) : warning LNK4099: PDB 'capstone_static.pdb' was not found with 'capstone.lib(ARMMapping.obj)' or at 'D:\Projects\VisualStudioProject\D3DHook\x64\Debug\capstone_static.pdb'; linking object as if no debug info
capstone.lib(ARMDisassembler.obj) : warning LNK4099: PDB 'capstone_static.pdb' was not found with 'capstone.lib(ARMDisassembler.obj)' or at 'D:\Projects\VisualStudioProject\D3DHook\x64\Debug\capstone_static.pdb'; linking object as if no debug info
capstone.lib(MCRegisterInfo.obj) : warning LNK4099: PDB 'capstone_static.pdb' was not found with 'capstone.lib(MCRegisterInfo.obj)' or at 'D:\Projects\VisualStudioProject\D3DHook\x64\Debug\capstone_static.pdb'; linking object as if no debug info
capstone.lib(utils.obj) : warning LNK4099: PDB 'capstone_static.pdb' was not found with 'capstone.lib(utils.obj)' or at 'D:\Projects\VisualStudioProject\D3DHook\x64\Debug\capstone_static.pdb'; linking object as if no debug info
capstone.lib(X86DisassemblerDecoder.obj) : warning LNK4099: PDB 'capstone_static.pdb' was not found with 'capstone.lib(X86DisassemblerDecoder.obj)' or at 'D:\Projects\VisualStudioProject\D3DHook\x64\Debug\capstone_static.pdb'; linking object as if no debug info
capstone.lib(AArch64BaseInfo.obj) : warning LNK4099: PDB 'capstone_static.pdb' was not found with 'capstone.lib(AArch64BaseInfo.obj)' or at 'D:\Projects\VisualStudioProject\D3DHook\x64\Debug\capstone_static.pdb'; linking object as if no debug info
capstone.lib(SystemZMCTargetDesc.obj) : warning LNK4099: PDB 'capstone_static.pdb' was not found with 'capstone.lib(SystemZMCTargetDesc.obj)' or at 'D:\Projects\VisualStudioProject\D3DHook\x64\Debug\capstone_static.pdb'; linking object as if no debug info
capstone.lib(MCInstrDesc.obj) : warning LNK4099: PDB 'capstone_static.pdb' was not found with 'capstone.lib(MCInstrDesc.obj)' or at 'D:\Projects\VisualStudioProject\D3DHook\x64\Debug\capstone_static.pdb'; linking object as if no debug info
  D3DHook.vcxproj -> D:\Projects\VisualStudioProject\D3DHook\x64\Debug\D3DHook.dll
