d:\projects\visualstudioproject\d3dhook\x64\debug\vc142.pdb
d:\projects\visualstudioproject\d3dhook\x64\debug\vc142.idb
d:\projects\visualstudioproject\d3dhook\x64\debug\menu.obj
d:\projects\visualstudioproject\d3dhook\x64\debug\inputhook.obj
d:\projects\visualstudioproject\d3dhook\x64\debug\imgui_impl_dx11.obj
d:\projects\visualstudioproject\d3dhook\x64\debug\imgui_draw.obj
d:\projects\visualstudioproject\d3dhook\x64\debug\imgui_demo.obj
d:\projects\visualstudioproject\d3dhook\x64\debug\imgui.obj
d:\projects\visualstudioproject\d3dhook\x64\debug\dllmain.obj
d:\projects\visualstudioproject\d3dhook\x64\debug\renderer.obj
d:\projects\visualstudioproject\d3dhook\x64\debug\d3dhook.dll
d:\projects\visualstudioproject\d3dhook\x64\debug\d3dhook.pdb
d:\projects\visualstudioproject\d3dhook\x64\debug\d3dhook.tlog\cl.command.1.tlog
d:\projects\visualstudioproject\d3dhook\x64\debug\d3dhook.tlog\cl.read.1.tlog
d:\projects\visualstudioproject\d3dhook\x64\debug\d3dhook.tlog\cl.write.1.tlog
d:\projects\visualstudioproject\d3dhook\x64\debug\d3dhook.tlog\link.10600.delete.1.tlog
d:\projects\visualstudioproject\d3dhook\x64\debug\d3dhook.tlog\link.10760.delete.1.tlog
d:\projects\visualstudioproject\d3dhook\x64\debug\d3dhook.tlog\link.11268.read.1.tlog
d:\projects\visualstudioproject\d3dhook\x64\debug\d3dhook.tlog\link.11268.write.1.tlog
d:\projects\visualstudioproject\d3dhook\x64\debug\d3dhook.tlog\link.12712.delete.1.tlog
d:\projects\visualstudioproject\d3dhook\x64\debug\d3dhook.tlog\link.15908.delete.1.tlog
d:\projects\visualstudioproject\d3dhook\x64\debug\d3dhook.tlog\link.16340.delete.1.tlog
d:\projects\visualstudioproject\d3dhook\x64\debug\d3dhook.tlog\link.19288.delete.1.tlog
d:\projects\visualstudioproject\d3dhook\x64\debug\d3dhook.tlog\link.19452.read.1.tlog
d:\projects\visualstudioproject\d3dhook\x64\debug\d3dhook.tlog\link.19452.write.1.tlog
d:\projects\visualstudioproject\d3dhook\x64\debug\d3dhook.tlog\link.20068.delete.1.tlog
d:\projects\visualstudioproject\d3dhook\x64\debug\d3dhook.tlog\link.20924.delete.1.tlog
d:\projects\visualstudioproject\d3dhook\x64\debug\d3dhook.tlog\link.21564.delete.1.tlog
d:\projects\visualstudioproject\d3dhook\x64\debug\d3dhook.tlog\link.22668.delete.1.tlog
d:\projects\visualstudioproject\d3dhook\x64\debug\d3dhook.tlog\link.26128.delete.1.tlog
d:\projects\visualstudioproject\d3dhook\x64\debug\d3dhook.tlog\link.4768.delete.1.tlog
d:\projects\visualstudioproject\d3dhook\x64\debug\d3dhook.tlog\link.9924.read.1.tlog
d:\projects\visualstudioproject\d3dhook\x64\debug\d3dhook.tlog\link.9924.write.1.tlog
d:\projects\visualstudioproject\d3dhook\x64\debug\d3dhook.tlog\link.command.1.tlog
d:\projects\visualstudioproject\d3dhook\x64\debug\d3dhook.tlog\link.read.1.tlog
d:\projects\visualstudioproject\d3dhook\x64\debug\d3dhook.tlog\link.write.1.tlog
